0 info it worked if it ends with ok
1 verbose cli [ 'node', '/usr/local/bin/npm', 'install', '--save', 'q' ]
2 info using npm@1.4.28
3 info using node@v0.10.35
4 verbose readDependencies using package.json deps
5 verbose cache add [ 'q', null ]
6 verbose cache add name=undefined spec="q" args=["q",null]
7 verbose parsed url { protocol: null,
7 verbose parsed url   slashes: null,
7 verbose parsed url   auth: null,
7 verbose parsed url   host: null,
7 verbose parsed url   port: null,
7 verbose parsed url   hostname: null,
7 verbose parsed url   hash: null,
7 verbose parsed url   search: null,
7 verbose parsed url   query: null,
7 verbose parsed url   pathname: 'q',
7 verbose parsed url   path: 'q',
7 verbose parsed url   href: 'q' }
8 silly lockFile 22ea1c64-q q
9 verbose lock q /Users/michaelsayer/.npm/22ea1c64-q.lock
10 silly lockFile 22ea1c64-q q
11 silly lockFile 22ea1c64-q q
12 verbose addNamed [ 'q', '' ]
13 verbose addNamed [ null, '*' ]
14 silly lockFile f83edb5d-q q@
15 verbose lock q@ /Users/michaelsayer/.npm/f83edb5d-q.lock
16 silly addNameRange { name: 'q', range: '*', hasData: false }
17 verbose request where is /q
18 verbose request registry https://registry.npmjs.org/
19 verbose request id 66ccb319f8a51020
20 verbose url raw /q
21 verbose url resolving [ 'https://registry.npmjs.org/', './q' ]
22 verbose url resolved https://registry.npmjs.org/q
23 verbose request where is https://registry.npmjs.org/q
24 info trying registry request attempt 1 at 14:12:22
25 verbose etag "EEYQLC7NOUR725X82WCWUPFCP"
26 http GET https://registry.npmjs.org/q
27 http 200 https://registry.npmjs.org/q
28 silly registry.get cb [ 200,
28 silly registry.get   { date: 'Fri, 13 Feb 2015 21:12:23 GMT',
28 silly registry.get     server: 'CouchDB/1.5.0 (Erlang OTP/R16B03)',
28 silly registry.get     etag: '"CW5QCZI56IO1J48LGZ1FZUD6G"',
28 silly registry.get     'content-type': 'application/json',
28 silly registry.get     'cache-control': 'max-age=60',
28 silly registry.get     'content-length': '133728',
28 silly registry.get     'accept-ranges': 'bytes',
28 silly registry.get     via: '1.1 varnish',
28 silly registry.get     age: '24',
28 silly registry.get     'x-served-by': 'cache-ord1731-ORD',
28 silly registry.get     'x-cache': 'HIT',
28 silly registry.get     'x-cache-hits': '3',
28 silly registry.get     'x-timer': 'S1423861943.132826,VS0,VE0',
28 silly registry.get     vary: 'Accept',
28 silly registry.get     'keep-alive': 'timeout=10, max=50',
28 silly registry.get     connection: 'Keep-Alive' } ]
29 silly addNameRange number 2 { name: 'q', range: '*', hasData: true }
30 silly addNameRange versions [ 'q',
30 silly addNameRange   [ '0.0.0',
30 silly addNameRange     '0.0.1',
30 silly addNameRange     '0.0.2',
30 silly addNameRange     '0.0.3',
30 silly addNameRange     '0.1.0',
30 silly addNameRange     '0.1.1',
30 silly addNameRange     '0.1.2',
30 silly addNameRange     '0.1.3',
30 silly addNameRange     '0.1.4',
30 silly addNameRange     '0.1.5',
30 silly addNameRange     '0.1.6',
30 silly addNameRange     '0.1.7',
30 silly addNameRange     '0.1.8',
30 silly addNameRange     '0.1.9',
30 silly addNameRange     '0.2.0-rc1',
30 silly addNameRange     '0.2.0',
30 silly addNameRange     '0.2.1',
30 silly addNameRange     '0.2.2',
30 silly addNameRange     '0.2.3',
30 silly addNameRange     '0.2.4',
30 silly addNameRange     '0.2.5',
30 silly addNameRange     '0.2.6',
30 silly addNameRange     '0.2.7',
30 silly addNameRange     '0.2.8',
30 silly addNameRange     '0.2.9',
30 silly addNameRange     '0.3.0',
30 silly addNameRange     '0.2.10',
30 silly addNameRange     '0.4.0',
30 silly addNameRange     '0.4.1',
30 silly addNameRange     '0.4.2',
30 silly addNameRange     '0.4.4',
30 silly addNameRange     '0.5.0',
30 silly addNameRange     '0.5.1',
30 silly addNameRange     '0.5.2',
30 silly addNameRange     '0.5.3',
30 silly addNameRange     '0.6.0',
30 silly addNameRange     '0.7.0',
30 silly addNameRange     '0.7.1',
30 silly addNameRange     '0.7.2',
30 silly addNameRange     '0.8.0',
30 silly addNameRange     '0.8.1',
30 silly addNameRange     '0.8.2',
30 silly addNameRange     '0.8.3',
30 silly addNameRange     '0.8.4',
30 silly addNameRange     '0.8.5',
30 silly addNameRange     '0.8.6',
30 silly addNameRange     '0.8.7',
30 silly addNameRange     '0.8.8',
30 silly addNameRange     '0.8.9',
30 silly addNameRange     '0.8.10',
30 silly addNameRange     '0.8.11',
30 silly addNameRange     '0.8.12',
30 silly addNameRange     '0.9.0',
30 silly addNameRange     '0.9.1',
30 silly addNameRange     '0.9.2',
30 silly addNameRange     '0.9.3',
30 silly addNameRange     '0.9.4',
30 silly addNameRange     '0.9.5',
30 silly addNameRange     '0.9.6',
30 silly addNameRange     '0.9.7',
30 silly addNameRange     '1.0.0',
30 silly addNameRange     '1.0.1',
30 silly addNameRange     '2.0.0',
30 silly addNameRange     '2.0.1',
30 silly addNameRange     '2.0.2',
30 silly addNameRange     '1.1.0',
30 silly addNameRange     '1.1.1',
30 silly addNameRange     '1.1.2',
30 silly addNameRange     '2.0.3' ] ]
31 verbose addNamed [ 'q', '1.1.2' ]
32 verbose addNamed [ '1.1.2', '1.1.2' ]
33 silly lockFile e953b1ec-q-1-1-2 q@1.1.2
34 verbose lock q@1.1.2 /Users/michaelsayer/.npm/e953b1ec-q-1-1-2.lock
35 silly lockFile cf0717ec-registry-npmjs-org-q-q-1-1-2-tgz https://registry.npmjs.org/q/-/q-1.1.2.tgz
36 verbose lock https://registry.npmjs.org/q/-/q-1.1.2.tgz /Users/michaelsayer/.npm/cf0717ec-registry-npmjs-org-q-q-1-1-2-tgz.lock
37 verbose addRemoteTarball [ 'https://registry.npmjs.org/q/-/q-1.1.2.tgz',
37 verbose addRemoteTarball   '6357e291206701d99f197ab84e57e8ad196f2a89' ]
38 info retry fetch attempt 1 at 14:12:23
39 verbose fetch to= /var/folders/7d/7wjf3shs3yn1_bcf2_3v_1sr0000gn/T/npm-99662-xa-6YMvb/registry.npmjs.org/q/-/q-1.1.2.tgz
40 http GET https://registry.npmjs.org/q/-/q-1.1.2.tgz
41 http 200 https://registry.npmjs.org/q/-/q-1.1.2.tgz
42 silly lockFile cf0717ec-registry-npmjs-org-q-q-1-1-2-tgz https://registry.npmjs.org/q/-/q-1.1.2.tgz
43 silly lockFile cf0717ec-registry-npmjs-org-q-q-1-1-2-tgz https://registry.npmjs.org/q/-/q-1.1.2.tgz
44 silly lockFile e953b1ec-q-1-1-2 q@1.1.2
45 silly lockFile e953b1ec-q-1-1-2 q@1.1.2
46 silly lockFile f83edb5d-q q@
47 silly lockFile f83edb5d-q q@
48 error Error: EACCES, mkdir '/Users/michaelsayer/.npm/q/1.1.2'
48 error  { [Error: EACCES, mkdir '/Users/michaelsayer/.npm/q/1.1.2']
48 error   errno: 3,
48 error   code: 'EACCES',
48 error   path: '/Users/michaelsayer/.npm/q/1.1.2',
48 error   parent: 'song-tag' }
49 error Please try running this command again as root/Administrator.
50 error System Darwin 14.1.0
51 error command "node" "/usr/local/bin/npm" "install" "--save" "q"
52 error cwd /Users/michaelsayer/Desktop/song-tag
53 error node -v v0.10.35
54 error npm -v 1.4.28
55 error path /Users/michaelsayer/.npm/q/1.1.2
56 error code EACCES
57 error errno 3
58 error stack Error: EACCES, mkdir '/Users/michaelsayer/.npm/q/1.1.2'
59 verbose exit [ 3, true ]
